<?xml version="1.0" encoding="UTF-8"?>
<!-- Generated by org.testng.reporters.JUnitReportReporter -->
<testsuite hostname="EPTRANKW00D6" failures="0" tests="1" name="com.epam.maf.runner.TestRunner" time="6.838" errors="0" timestamp="2022-12-30T10:06:33 TRT" skipped="0">
  <testcase classname="com.epam.maf.runner.TestRunner" name="runScenario" time="6.838"/>
  <system-out/>
</testsuite> <!-- com.epam.maf.runner.TestRunner -->
